<?xml version="1.0" encoding="UTF-8"?>
<!-- Generated by org.testng.reporters.JUnitReportReporter -->
<testsuite hostname="Matheuss-MacBook-Pro.local" failures="0" tests="1" name="appiumBasics.eCommerce_tc_2" time="19.599" errors="0" timestamp="05 Apr 2023 18:34:20 GMT" skipped="0">
  <testcase classname="appiumBasics.eCommerce_tc_2" name="AddItemToCartTest" time="19.599"/>
</testsuite> <!-- appiumBasics.eCommerce_tc_2 -->
